TN:
SF:C:\NodeServer\hapi-react-starter-kit\hapi-react-starter-kit\src\components\Index.js
FN:7,(anonymous_1)
FN:7,defineProperties
FN:7,(anonymous_3)
FN:9,get
FN:11,_interopRequireDefault
FN:13,_classCallCheck
FN:15,_inherits
FN:23,(anonymous_8)
FN:26,Index
FN:34,render
FNF:10
FNH:10
FNDA:1,(anonymous_1)
FNDA:1,defineProperties
FNDA:1,(anonymous_3)
FNDA:1,get
FNDA:1,_interopRequireDefault
FNDA:1,_classCallCheck
FNDA:1,_inherits
FNDA:1,(anonymous_8)
FNDA:1,Index
FNDA:1,render
DA:0,1
DA:5,1
LF:2
LH:2
BRDA:7,1,0,1
BRDA:7,1,1,1
BRDA:7,2,0,1
BRDA:7,2,1,0
BRDA:7,3,0,1
BRDA:7,3,1,0
BRDA:7,4,0,0
BRDA:7,4,1,1
BRDA:9,5,0,0
BRDA:9,5,1,1
BRDA:9,6,0,0
BRDA:9,6,1,1
BRDA:9,7,0,0
BRDA:9,7,1,0
BRDA:9,8,0,1
BRDA:9,8,1,0
BRDA:9,9,0,0
BRDA:9,9,1,0
BRDA:11,10,0,0
BRDA:11,10,1,1
BRDA:11,11,0,1
BRDA:11,11,1,1
BRDA:13,12,0,0
BRDA:13,12,1,1
BRDA:15,13,0,0
BRDA:15,13,1,1
BRDA:15,14,0,1
BRDA:15,14,1,0
BRDA:15,15,0,1
BRDA:15,15,1,1
BRDA:15,16,0,1
BRDA:15,16,1,0
BRDA:15,17,0,1
BRDA:15,17,1,0
BRF:34
BRH:34
end_of_record
TN:
SF:C:\NodeServer\hapi-react-starter-kit\hapi-react-starter-kit\src\components\Layout.js
FN:7,_interopRequireDefault
FN:20,render
FNF:2
FNH:2
FNDA:1,_interopRequireDefault
FNDA:1,render
DA:0,1
DA:3,1
DA:10,1
LF:3
LH:3
BRDA:7,1,0,0
BRDA:7,1,1,1
BRDA:7,2,0,1
BRDA:7,2,1,1
BRF:4
BRH:4
end_of_record
